<?xml version="1.0" encoding="UTF-8"?>
<!-- Generated by org.testng.reporters.JUnitReportReporter -->
<testsuite hostname="Suvan" failures="0" tests="1" name="com.testscenarios.Registration" time="25.639" errors="0" timestamp="2020-03-02T12:59:02 EST" skipped="0">
  <testcase classname="com.testscenarios.Registration" name="TC_001" time="25.639"/>
  <system-out/>
</testsuite> <!-- com.testscenarios.Registration -->
