<?xml version="1.0" encoding="UTF-8"?>
<!-- Generated by org.testng.reporters.JUnitReportReporter -->
<testsuite skipped="0" hostname="Suvan" name="com.testscenarios.NewTest" tests="1" failures="0" timestamp="2020-03-22T12:41:03 EDT" time="51.977" errors="0">
  <testcase name="f" time="51.977" classname="com.testscenarios.NewTest"/>
  <system-out/>
</testsuite> <!-- com.testscenarios.NewTest -->
